Práctica 3 MVC/Jaime/MyApplicationMVC/app/build/intermediates/manifest_merge_blame_file/debug/manifest-merger-blame-debug-report.txt
1<?xml version="1.0" encoding="utf-8"?>
2<manifest xmlns:android="http://schemas.android.com/apk/res/android"
3    package="com.example.myapplicationmvc"
4    android:versionCode="1"
5    android:versionName="1.0" >
6
7    <uses-sdk
8        android:minSdkVersion="21"
8-->src\main\AndroidManifest.xml
9        android:targetSdkVersion="31" />
9-->src\main\AndroidManifest.xml
10
11    <application
11-->src\main\AndroidManifest.xml:5:5-23:19
12        android:name="com.example.testListMVCSubActivity.TravelPointsApplication"
12-->src\main\AndroidManifest.xml:9:9-82
13        android:allowBackup="true"
13-->src\main\AndroidManifest.xml:6:9-35
14        android:appComponentFactory="androidx.core.app.CoreComponentFactory"
14-->[androidx.core:core:1.7.0] AndroidManifest.xml:24:18-86
15        android:debuggable="true"
16        android:icon="@mipmap/ic_launcher"
16-->src\main\AndroidManifest.xml:7:9-43
17        android:label="@string/app_name"
17-->src\main\AndroidManifest.xml:8:9-41
18        android:roundIcon="@mipmap/ic_launcher_round"
18-->src\main\AndroidManifest.xml:10:9-54
19        android:supportsRtl="true"
19-->src\main\AndroidManifest.xml:11:9-35
20        android:testOnly="true"
21        android:theme="@style/AppTheme" >
21-->src\main\AndroidManifest.xml:12:9-40
22        <activity
22-->src\main\AndroidManifest.xml:13:9-20:20
23            android:name="com.example.testListMVCSubActivity.MainListActivity"
23-->src\main\AndroidManifest.xml:13:19-85
24            android:exported="true" >
24-->src\main\AndroidManifest.xml:14:13-36
25            <intent-filter>
25-->src\main\AndroidManifest.xml:15:13-19:29
26                <action android:name="android.intent.action.MAIN" />
26-->src\main\AndroidManifest.xml:16:17-69
26-->src\main\AndroidManifest.xml:16:25-66
27
28                <category android:name="android.intent.category.LAUNCHER" />
28-->src\main\AndroidManifest.xml:18:17-77
28-->src\main\AndroidManifest.xml:18:27-74
29            </intent-filter>
30        </activity>
31        <activity android:name="com.example.testListMVCSubActivity.ventana2" />
31-->src\main\AndroidManifest.xml:21:9-56
31-->src\main\AndroidManifest.xml:21:19-43
32        <activity android:name="com.example.testListMVCSubActivity.ventana3" />
32-->src\main\AndroidManifest.xml:22:9-56
32-->src\main\AndroidManifest.xml:22:19-43
33
34        <provider
34-->[androidx.emoji2:emoji2:1.0.0] AndroidManifest.xml:26:9-34:20
35            android:name="androidx.startup.InitializationProvider"
35-->[androidx.emoji2:emoji2:1.0.0] AndroidManifest.xml:27:13-67
36            android:authorities="com.example.myapplicationmvc.androidx-startup"
36-->[androidx.emoji2:emoji2:1.0.0] AndroidManifest.xml:28:13-68
37            android:exported="false" >
37-->[androidx.emoji2:emoji2:1.0.0] AndroidManifest.xml:29:13-37
38            <meta-data
38-->[androidx.emoji2:emoji2:1.0.0] AndroidManifest.xml:31:13-33:52
39                android:name="androidx.emoji2.text.EmojiCompatInitializer"
39-->[androidx.emoji2:emoji2:1.0.0] AndroidManifest.xml:32:17-75
40                android:value="androidx.startup" />
40-->[androidx.emoji2:emoji2:1.0.0] AndroidManifest.xml:33:17-49
41            <meta-data
41-->[androidx.lifecycle:lifecycle-process:2.4.0] AndroidManifest.xml:31:13-33:52
42                android:name="androidx.lifecycle.ProcessLifecycleInitializer"
42-->[androidx.lifecycle:lifecycle-process:2.4.0] AndroidManifest.xml:32:17-78
43                android:value="androidx.startup" />
43-->[androidx.lifecycle:lifecycle-process:2.4.0] AndroidManifest.xml:33:17-49
44        </provider>
45    </application>
46
47</manifest>